<?xml version="1.0" encoding="UTF-8"?>
<!-- Generated by org.testng.reporters.JUnitReportReporter -->
<testsuite skipped="0" hostname="DESKTOP-6NT2F51" name="com.qaa.testscripts.CS6" tests="8" failures="0" timestamp="2021-05-05T17:41:57 IST" time="33.834" errors="0">
  <testcase name="searchItemsInAmazon" time="5.450" classname="com.qaa.testscripts.CS6"/>
  <system-out/>
  <testcase name="searchItemsInAmazon" time="4.500" classname="com.qaa.testscripts.CS6"/>
  <system-out/>
  <testcase name="searchItemsInAmazon" time="4.731" classname="com.qaa.testscripts.CS6"/>
  <system-out/>
  <testcase name="searchItemsInAmazon" time="4.921" classname="com.qaa.testscripts.CS6"/>
  <system-out/>
  <testcase name="searchItemsInAmazon" time="4.617" classname="com.qaa.testscripts.CS6"/>
  <system-out/>
  <testcase name="searchItemsInAmazon" time="5.741" classname="com.qaa.testscripts.CS6"/>
  <system-out/>
  <testcase name="amazonend" time="3.873" classname="com.qaa.testscripts.CS6"/>
  <system-out/>
  <testcase name="amazon" time="0.001" classname="com.qaa.testscripts.CS6"/>
  <system-out/>
</testsuite> <!-- com.qaa.testscripts.CS6 -->
