<?xml version="1.0" encoding="UTF-8"?>
<!-- Generated by org.testng.reporters.JUnitReportReporter -->
<testsuite hostname="DESKTOP-6NT2F51" failures="0" tests="11" name="com.qaa.testscripts.CS6" time="49.706" errors="0" timestamp="2021-05-04T10:51:42 IST" skipped="0">
  <testcase classname="com.qaa.testscripts.CS6" name="searchItemsInAmazon" time="4.637"/>
  <system-out/>
  <testcase classname="com.qaa.testscripts.CS6" name="searchItemsInAmazon" time="6.368"/>
  <system-out/>
  <testcase classname="com.qaa.testscripts.CS6" name="searchItemsInAmazon" time="4.516"/>
  <system-out/>
  <testcase classname="com.qaa.testscripts.CS6" name="searchItemsInAmazon" time="4.349"/>
  <system-out/>
  <testcase classname="com.qaa.testscripts.CS6" name="searchItemsInAmazon" time="6.049"/>
  <system-out/>
  <testcase classname="com.qaa.testscripts.CS6" name="searchItemsInAmazon" time="4.395"/>
  <system-out/>
  <testcase classname="com.qaa.testscripts.CS6" name="searchItemsInAmazon" time="4.934"/>
  <system-out/>
  <testcase classname="com.qaa.testscripts.CS6" name="searchItemsInAmazon" time="7.307"/>
  <system-out/>
  <testcase classname="com.qaa.testscripts.CS6" name="searchItemsInAmazon" time="4.277"/>
  <system-out/>
  <testcase classname="com.qaa.testscripts.CS6" name="amazonend" time="2.872"/>
  <system-out/>
  <testcase classname="com.qaa.testscripts.CS6" name="amazon" time="0.002"/>
  <system-out/>
</testsuite> <!-- com.qaa.testscripts.CS6 -->
